<?xml version="1.0" encoding="UTF-8"?>
<!-- Generated by org.testng.reporters.JUnitXMLReporter -->
<testsuite ignored="6" hostname="sripriya" failures="3" tests="3" name="Surefire test" time="2.596" errors="0" timestamp="09 Nov 2024 07:35:43 GMT">
  <testcase classname="orangehrm.testcases.EmployeeLoginTest" name="checkEmpLogin" time="0.0">
    <failure type="org.testng.TestNGException" message="
Parameter &amp;apos;uid&amp;apos; is required by @Test on method checkEmpLogin but has not been marked @Optional or defined
">
      <![CDATA[org.testng.TestNGException: 
Parameter 'uid' is required by @Test on method checkEmpLogin but has not been marked @Optional or defined

... Removed 29 stack frames]]>
    </failure>
  </testcase> <!-- checkEmpLogin -->
  <testcase classname="orangehrm.testcases.EmployeeRegTest" name="checkEmpReg" time="0.0">
    <failure type="org.testng.TestNGException" message="
Parameter &amp;apos;fname&amp;apos; is required by @Test on method checkEmpReg but has not been marked @Optional or defined
">
      <![CDATA[org.testng.TestNGException: 
Parameter 'fname' is required by @Test on method checkEmpReg but has not been marked @Optional or defined

... Removed 29 stack frames]]>
    </failure>
  </testcase> <!-- checkEmpReg -->
  <testcase classname="orangehrm.testcases.UserRegTest" name="checkUserReg" time="0.0">
    <failure type="org.testng.TestNGException" message="
Parameter &amp;apos;role&amp;apos; is required by @Test on method checkUserReg but has not been marked @Optional or defined
">
      <![CDATA[org.testng.TestNGException: 
Parameter 'role' is required by @Test on method checkUserReg but has not been marked @Optional or defined

... Removed 29 stack frames]]>
    </failure>
  </testcase> <!-- checkUserReg -->
  <testcase classname="utils.AppUtils" name="@AfterSuite closeApp" time="0.0">
    <ignored/>
  </testcase> <!-- @AfterSuite closeApp -->
  <testcase classname="utils.AppUtils" name="@AfterSuite closeApp" time="0.0">
    <ignored/>
  </testcase> <!-- @AfterSuite closeApp -->
  <testcase classname="utils.AppUtils" name="@BeforeSuite launchApp" time="0.0">
    <ignored/>
  </testcase> <!-- @BeforeSuite launchApp -->
  <testcase classname="utils.AppUtils" name="@BeforeSuite launchApp" time="0.0">
    <ignored/>
  </testcase> <!-- @BeforeSuite launchApp -->
  <testcase classname="orangehrm.library.AdminUtils" name="@AfterTest adminlogout" time="0.0">
    <ignored/>
  </testcase> <!-- @AfterTest adminlogout -->
  <testcase classname="orangehrm.library.AdminUtils" name="@BeforeTest adminLogin" time="0.0">
    <ignored/>
  </testcase> <!-- @BeforeTest adminLogin -->
</testsuite> <!-- Surefire test -->
